<?xml version="1.0" encoding="UTF-8"?>
<!-- Generated by org.testng.reporters.JUnitXMLReporter -->
<testsuite ignored="0" hostname="Nagajothis-MacBook-Pro.local" failures="0" tests="2" name="ChromeBrowserTest" time="55.787" errors="0" timestamp="2022-07-30T09:02:30 IST">
  <testcase classname="testNGMethods.CrossBrowserTest" name="verifyLoginAndLogout" time="8.835"/>
  <testcase classname="testNGMethods.CrossBrowserTest" name="registration" time="21.673"/>
</testsuite> <!-- ChromeBrowserTest -->
