<?xml version="1.0" encoding="UTF-8"?>
<!-- Generated by org.testng.reporters.JUnitXMLReporter -->
<testsuite ignored="2" hostname="Nagajothis-MacBook-Pro.local" failures="0" tests="1" name="Parameter Test three" time="0.004" errors="0" timestamp="2022-07-30T08:06:58 IST">
  <testcase classname="testNGMethods.ParameterSuiteLevel" name="prameterTestThree" time="0.002"/>
  <testcase classname="testNGMethods.ParameterSuiteLevel" name="prameterTestTwo" time="0.0">
    <ignored/>
  </testcase> <!-- prameterTestTwo -->
  <testcase classname="testNGMethods.ParameterSuiteLevel" name="prameterTestOne" time="0.0">
    <ignored/>
  </testcase> <!-- prameterTestOne -->
</testsuite> <!-- Parameter Test three -->
