<?xml version="1.0" encoding="UTF-8"?>
<!-- Generated by org.testng.reporters.JUnitXMLReporter -->
<testsuite ignored="0" hostname="Nagajothis-MacBook-Pro.local" failures="0" tests="5" name="Test" time="45.204" errors="0" timestamp="2022-07-30T09:16:37 IST">
  <testcase classname="testNGMethods.ParallelTestByClass1" name="verifyLoginAndLogout" time="15.143"/>
  <testcase classname="testNGMethods.ParallelTestByClass1" name="test1" time="0.004"/>
  <testcase classname="testNGMethods.ParallelTestByClass2" name="registration" time="27.353"/>
  <testcase classname="testNGMethods.ParallelTestByClass2" name="testme" time="0.001"/>
  <testcase classname="testNGMethods.ParallelTestByClass2" name="testyou" time="0.002"/>
</testsuite> <!-- Test -->
