<?xml version="1.0" encoding="UTF-8"?>
<testng-results ignored="0" total="4" passed="4" failed="0" skipped="0">
  <reporter-output>
  </reporter-output>
  <suite started-at="2022-07-30T09:18:53 IST" name="Parallel Test" finished-at="2022-07-30T09:20:05 IST" duration-ms="71842">
    <groups>
    </groups>
    <test started-at="2022-07-30T09:18:53 IST" name="ChromeBrowserTest" finished-at="2022-07-30T09:19:59 IST" duration-ms="66482">
      <class name="testNGMethods.CrossBrowserTest">
        <test-method is-config="true" signature="setUp(java.lang.String)[pri:0, instance:testNGMethods.CrossBrowserTest@6a6afff2]" started-at="2022-07-30T09:18:53 IST" name="setUp" description="This test is to set up the browser" finished-at="2022-07-30T09:19:12 IST" duration-ms="18654" status="PASS">
          <params>
            <param index="0">
              <value>
                <![CDATA[Chrome]]>
              </value>
            </param>
          </params>
          <reporter-output>
          </reporter-output>
        </test-method> <!-- setUp -->
        <test-method signature="verifyLoginAndLogout()[pri:-1, instance:testNGMethods.CrossBrowserTest@6a6afff2]" started-at="2022-07-30T09:19:12 IST" name="verifyLoginAndLogout" description="This test is to login" finished-at="2022-07-30T09:19:24 IST" duration-ms="11811" status="PASS">
          <reporter-output>
          </reporter-output>
        </test-method> <!-- verifyLoginAndLogout -->
        <test-method is-config="true" signature="tearDown()[pri:0, instance:testNGMethods.CrossBrowserTest@6a6afff2]" started-at="2022-07-30T09:19:24 IST" name="tearDown" description="This test is to tidy up the driver" finished-at="2022-07-30T09:19:24 IST" duration-ms="151" status="PASS">
          <reporter-output>
          </reporter-output>
        </test-method> <!-- tearDown -->
        <test-method is-config="true" signature="setUp(java.lang.String)[pri:0, instance:testNGMethods.CrossBrowserTest@6a6afff2]" started-at="2022-07-30T09:19:24 IST" name="setUp" description="This test is to set up the browser" finished-at="2022-07-30T09:19:35 IST" duration-ms="11516" status="PASS">
          <params>
            <param index="0">
              <value>
                <![CDATA[Chrome]]>
              </value>
            </param>
          </params>
          <reporter-output>
          </reporter-output>
        </test-method> <!-- setUp -->
        <test-method signature="registration()[pri:10, instance:testNGMethods.CrossBrowserTest@6a6afff2]" started-at="2022-07-30T09:19:35 IST" name="registration" description="This test is to login" finished-at="2022-07-30T09:19:59 IST" duration-ms="24063" status="PASS">
          <reporter-output>
          </reporter-output>
        </test-method> <!-- registration -->
        <test-method is-config="true" signature="tearDown()[pri:0, instance:testNGMethods.CrossBrowserTest@6a6afff2]" started-at="2022-07-30T09:19:59 IST" name="tearDown" description="This test is to tidy up the driver" finished-at="2022-07-30T09:19:59 IST" duration-ms="172" status="PASS">
          <reporter-output>
          </reporter-output>
        </test-method> <!-- tearDown -->
      </class> <!-- testNGMethods.CrossBrowserTest -->
    </test> <!-- ChromeBrowserTest -->
    <test started-at="2022-07-30T09:18:53 IST" name="EdgeBrowserTest" finished-at="2022-07-30T09:20:05 IST" duration-ms="71842">
      <class name="testNGMethods.CrossBrowserTest">
        <test-method is-config="true" signature="setUp(java.lang.String)[pri:0, instance:testNGMethods.CrossBrowserTest@44821a96]" started-at="2022-07-30T09:18:53 IST" name="setUp" description="This test is to set up the browser" finished-at="2022-07-30T09:19:12 IST" duration-ms="18917" status="PASS">
          <params>
            <param index="0">
              <value>
                <![CDATA[Edge]]>
              </value>
            </param>
          </params>
          <reporter-output>
          </reporter-output>
        </test-method> <!-- setUp -->
        <test-method signature="verifyLoginAndLogout()[pri:-1, instance:testNGMethods.CrossBrowserTest@44821a96]" started-at="2022-07-30T09:19:12 IST" name="verifyLoginAndLogout" description="This test is to login" finished-at="2022-07-30T09:19:25 IST" duration-ms="12669" status="PASS">
          <reporter-output>
          </reporter-output>
        </test-method> <!-- verifyLoginAndLogout -->
        <test-method is-config="true" signature="tearDown()[pri:0, instance:testNGMethods.CrossBrowserTest@44821a96]" started-at="2022-07-30T09:19:25 IST" name="tearDown" description="This test is to tidy up the driver" finished-at="2022-07-30T09:19:25 IST" duration-ms="272" status="PASS">
          <reporter-output>
          </reporter-output>
        </test-method> <!-- tearDown -->
        <test-method is-config="true" signature="setUp(java.lang.String)[pri:0, instance:testNGMethods.CrossBrowserTest@44821a96]" started-at="2022-07-30T09:19:25 IST" name="setUp" description="This test is to set up the browser" finished-at="2022-07-30T09:19:36 IST" duration-ms="11327" status="PASS">
          <params>
            <param index="0">
              <value>
                <![CDATA[Edge]]>
              </value>
            </param>
          </params>
          <reporter-output>
          </reporter-output>
        </test-method> <!-- setUp -->
        <test-method signature="registration()[pri:10, instance:testNGMethods.CrossBrowserTest@44821a96]" started-at="2022-07-30T09:19:36 IST" name="registration" description="This test is to login" finished-at="2022-07-30T09:20:05 IST" duration-ms="28295" status="PASS">
          <reporter-output>
          </reporter-output>
        </test-method> <!-- registration -->
        <test-method is-config="true" signature="tearDown()[pri:0, instance:testNGMethods.CrossBrowserTest@44821a96]" started-at="2022-07-30T09:20:05 IST" name="tearDown" description="This test is to tidy up the driver" finished-at="2022-07-30T09:20:05 IST" duration-ms="264" status="PASS">
          <reporter-output>
          </reporter-output>
        </test-method> <!-- tearDown -->
      </class> <!-- testNGMethods.CrossBrowserTest -->
    </test> <!-- EdgeBrowserTest -->
  </suite> <!-- Parallel Test -->
</testng-results>
