<?xml version="1.0" encoding="UTF-8"?>
<!-- Generated by org.testng.reporters.JUnitXMLReporter -->
<testsuite ignored="0" hostname="Nagajothis-MacBook-Pro.local" failures="0" tests="2" name="ChromeBrowserTest" time="66.482" errors="0" timestamp="2022-07-30T09:20:00 IST">
  <testcase classname="testNGMethods.CrossBrowserTest" name="verifyLoginAndLogout" time="11.811"/>
  <testcase classname="testNGMethods.CrossBrowserTest" name="registration" time="24.063"/>
</testsuite> <!-- ChromeBrowserTest -->
